[ 2023-02-09 03:21:23,223 ] 15 root - INFO - >>>>>>>>>>>>>>>>>>>>>>>>>>>>>>>>>>>>>>>> Data Ingestion <<<<<<<<<<<<<<<<<<<<<<<<<<<<<<<<<<<<<<<<
[ 2023-02-09 03:21:23,223 ] 22 root - INFO - Exporting collection data as pandas dataframe
[ 2023-02-09 03:21:23,223 ] 21 root - INFO - Reading data from database: insurance_premium_prediction and collection: insurance
[ 2023-02-09 03:21:23,284 ] 23 root - INFO - Found columns: Index(['_id', 'age', 'sex', 'bmi', 'children', 'smoker', 'region', 'expenses'], dtype='object')
[ 2023-02-09 03:21:23,284 ] 25 root - INFO - Dropping column: _id 
[ 2023-02-09 03:21:23,285 ] 27 root - INFO - Row and columns in df: (1338, 7)
[ 2023-02-09 03:21:23,285 ] 28 root - INFO - Save data in feature store
[ 2023-02-09 03:21:23,286 ] 34 root - INFO - Create feature store folder if not available
[ 2023-02-09 03:21:23,286 ] 38 root - INFO - Save df to feature store folder
[ 2023-02-09 03:21:23,293 ] 43 root - INFO - split dataset into train and test set
[ 2023-02-09 03:21:23,295 ] 47 root - INFO - create dataset directory folder if not available
[ 2023-02-09 03:21:23,295 ] 52 root - INFO - Save df to feature store folder
[ 2023-02-09 03:21:23,301 ] 64 root - INFO - Data ingestion artifact: DataIngestionArtifact(feature_store_file_path='/config/workspace/artifact/02092023__032123/data_ingestion/feature_store/insurance_prediction.csv', train_file_path='/config/workspace/artifact/02092023__032123/data_ingestion/dataset/train.csv', test_file_path='/config/workspace/artifact/02092023__032123/data_ingestion/dataset/test.csv')
[ 2023-02-09 03:21:23,302 ] 22 root - INFO - Exporting collection data as pandas dataframe
[ 2023-02-09 03:21:23,302 ] 21 root - INFO - Reading data from database: insurance_premium_prediction and collection: insurance
[ 2023-02-09 03:21:23,375 ] 23 root - INFO - Found columns: Index(['_id', 'age', 'sex', 'bmi', 'children', 'smoker', 'region', 'expenses'], dtype='object')
[ 2023-02-09 03:21:23,376 ] 25 root - INFO - Dropping column: _id 
[ 2023-02-09 03:21:23,377 ] 27 root - INFO - Row and columns in df: (1338, 7)
[ 2023-02-09 03:21:23,377 ] 28 root - INFO - Save data in feature store
[ 2023-02-09 03:21:23,377 ] 34 root - INFO - Create feature store folder if not available
[ 2023-02-09 03:21:23,377 ] 38 root - INFO - Save df to feature store folder
[ 2023-02-09 03:21:23,383 ] 43 root - INFO - split dataset into train and test set
[ 2023-02-09 03:21:23,384 ] 47 root - INFO - create dataset directory folder if not available
[ 2023-02-09 03:21:23,384 ] 52 root - INFO - Save df to feature store folder
[ 2023-02-09 03:21:23,391 ] 64 root - INFO - Data ingestion artifact: DataIngestionArtifact(feature_store_file_path='/config/workspace/artifact/02092023__032123/data_ingestion/feature_store/insurance_prediction.csv', train_file_path='/config/workspace/artifact/02092023__032123/data_ingestion/dataset/train.csv', test_file_path='/config/workspace/artifact/02092023__032123/data_ingestion/dataset/test.csv')
[ 2023-02-09 03:21:23,391 ] 20 root - INFO - >>>>>>>>>>>>>>>>>>>>>>>>>>>>>>>>>>>>>>>>Data Validation <<<<<<<<<<<<<<<<<<<<<<<<<<<<<<<<<<<<<<<<
[ 2023-02-09 03:21:23,391 ] 107 root - INFO - Reading base dataframe
[ 2023-02-09 03:21:23,395 ] 109 root - INFO - Replace na value with NaN
[ 2023-02-09 03:21:23,396 ] 112 root - INFO - Drop null values column from base df
[ 2023-02-09 03:21:23,398 ] 42 root - INFO - selecting column name which contains null above to 0.2
[ 2023-02-09 03:21:23,398 ] 45 root - INFO - Columns to drop: []
[ 2023-02-09 03:21:23,399 ] 115 root - INFO - Reading train dataframe
[ 2023-02-09 03:21:23,402 ] 117 root - INFO - Reading test dataframe
[ 2023-02-09 03:21:23,404 ] 120 root - INFO - Drop null values columns from train df
[ 2023-02-09 03:21:23,405 ] 42 root - INFO - selecting column name which contains null above to 0.2
[ 2023-02-09 03:21:23,405 ] 45 root - INFO - Columns to drop: []
[ 2023-02-09 03:21:23,406 ] 122 root - INFO - Drop null values columns from test df
[ 2023-02-09 03:21:23,407 ] 42 root - INFO - selecting column name which contains null above to 0.2
[ 2023-02-09 03:21:23,407 ] 45 root - INFO - Columns to drop: []
[ 2023-02-09 03:21:23,408 ] 127 root - INFO - Is all required columns present in train df
[ 2023-02-09 03:21:23,408 ] 129 root - INFO - Is all required columns present in test df
[ 2023-02-09 03:21:23,408 ] 133 root - INFO - As all column are available in train df hence detecting data drift
[ 2023-02-09 03:21:23,408 ] 85 root - INFO - Hypothesis age: int64, int64 
[ 2023-02-09 03:21:23,410 ] 85 root - INFO - Hypothesis sex: object, object 
[ 2023-02-09 03:21:23,412 ] 85 root - INFO - Hypothesis bmi: float64, float64 
[ 2023-02-09 03:21:23,413 ] 85 root - INFO - Hypothesis children: int64, int64 
[ 2023-02-09 03:21:23,414 ] 85 root - INFO - Hypothesis smoker: object, object 
[ 2023-02-09 03:21:23,417 ] 85 root - INFO - Hypothesis region: object, object 
[ 2023-02-09 03:21:23,420 ] 85 root - INFO - Hypothesis expenses: float64, float64 
[ 2023-02-09 03:21:23,421 ] 137 root - INFO - As all column are available in test df hence detecting data drift
[ 2023-02-09 03:21:23,421 ] 85 root - INFO - Hypothesis age: int64, int64 
[ 2023-02-09 03:21:23,422 ] 85 root - INFO - Hypothesis sex: object, object 
[ 2023-02-09 03:21:23,424 ] 85 root - INFO - Hypothesis bmi: float64, float64 
[ 2023-02-09 03:21:23,424 ] 85 root - INFO - Hypothesis children: int64, int64 
[ 2023-02-09 03:21:23,425 ] 85 root - INFO - Hypothesis smoker: object, object 
[ 2023-02-09 03:21:23,427 ] 85 root - INFO - Hypothesis region: object, object 
[ 2023-02-09 03:21:23,429 ] 85 root - INFO - Hypothesis expenses: float64, float64 
[ 2023-02-09 03:21:23,430 ] 141 root - INFO - Write reprt in yaml file
[ 2023-02-09 03:21:23,433 ] 145 root - INFO - Data validation artifact: DataValidationArtifact(report_file_path='/config/workspace/artifact/02092023__032123/data_validation/report.yaml')
[ 2023-02-09 03:21:23,452 ] 45 root - INFO - Entered the save_object method of utils
[ 2023-02-09 03:21:23,454 ] 49 root - INFO - Exited the save_object method of utils
[ 2023-02-09 03:21:23,454 ] 45 root - INFO - Entered the save_object method of utils
[ 2023-02-09 03:21:23,454 ] 49 root - INFO - Exited the save_object method of utils
[ 2023-02-09 03:21:23,454 ] 108 root - INFO - Data transformation object DataTransformationArtifact(transform_object_path='/config/workspace/artifact/02092023__032123/data_transformation/transformer/transformer.pkl', transformed_train_path='/config/workspace/artifact/02092023__032123/data_transformation/transformed/train.npz', transformed_test_path='/config/workspace/artifact/02092023__032123/data_transformation/transformed/test.npz', target_encoder_path='/config/workspace/artifact/02092023__032123/data_transformation/target_encoder/target_encoder.pkl')
[ 2023-02-09 03:21:23,454 ] 16 root - INFO - >>>>>>>>>>>>>>>>>>>>>>>>>>>>>>>>>>>>>>>> Model Trainer <<<<<<<<<<<<<<<<<<<<<<<<<<<<<<<<<<<<<<<<
[ 2023-02-09 03:21:23,454 ] 35 root - INFO - Loading train and test array.
[ 2023-02-09 03:21:23,459 ] 39 root - INFO - Splitting input and target feature from both train and test arr.
[ 2023-02-09 03:21:23,459 ] 43 root - INFO - Train the model
[ 2023-02-09 03:21:24,615 ] 46 root - INFO - Calculating r2 train score
[ 2023-02-09 03:21:24,621 ] 50 root - INFO - Calculating r2 test score
[ 2023-02-09 03:21:24,625 ] 54 root - INFO - train score:0.9934879626733629 and tests score 0.8421364937953891
[ 2023-02-09 03:21:24,625 ] 56 root - INFO - Checking if our model is underfitting or not
[ 2023-02-09 03:21:24,626 ] 61 root - INFO - Checking if our model is overfiiting or not
[ 2023-02-09 03:21:24,626 ] 68 root - INFO - Saving model object
[ 2023-02-09 03:21:24,626 ] 45 root - INFO - Entered the save_object method of utils
[ 2023-02-09 03:21:24,630 ] 49 root - INFO - Exited the save_object method of utils
[ 2023-02-09 03:21:24,630 ] 72 root - INFO - Prepare the artifact
[ 2023-02-09 03:21:24,630 ] 75 root - INFO - Model trainer artifact: ModelTrainerArtifact(model_path='/config/workspace/artifact/02092023__032123/model_trainer/model/model.pkl', r2_train_score=0.9934879626733629, r2_test_score=0.8421364937953891)
[ 2023-02-09 03:21:24,631 ] 21 root - INFO - >>>>>>>>>>>>>>>>>>>>>>>>>>>>>>>>>>>>>>>>  Model Evaluation <<<<<<<<<<<<<<<<<<<<<<<<<<<<<<<<<<<<<<<<
[ 2023-02-09 03:21:24,631 ] 37 root - INFO - if saved model folder has model the we will compare which model is best trained or the model from saved model folder
[ 2023-02-09 03:21:24,631 ] 43 root - INFO - Model evaluation artifact: ModelEvaluationArtifact(is_model_accepted=True, improved_accuracy=None)
[ 2023-02-09 03:21:24,631 ] 14 root - INFO - >>>>>>>>>>>>>>>>>>>>>>>>>>>>>>>>>>>>>>>> Data Transformation <<<<<<<<<<<<<<<<<<<<<<<<<<<<<<<<<<<<<<<<
[ 2023-02-09 03:21:24,631 ] 25 root - INFO - Loading transformer model and target encoder
[ 2023-02-09 03:21:24,637 ] 31 root - INFO - Saving model into model pusher directory
[ 2023-02-09 03:21:24,637 ] 45 root - INFO - Entered the save_object method of utils
[ 2023-02-09 03:21:24,638 ] 49 root - INFO - Exited the save_object method of utils
[ 2023-02-09 03:21:24,638 ] 45 root - INFO - Entered the save_object method of utils
[ 2023-02-09 03:21:24,643 ] 49 root - INFO - Exited the save_object method of utils
[ 2023-02-09 03:21:24,643 ] 45 root - INFO - Entered the save_object method of utils
[ 2023-02-09 03:21:24,643 ] 49 root - INFO - Exited the save_object method of utils
[ 2023-02-09 03:21:24,643 ] 38 root - INFO - Saving model in saved model dir
[ 2023-02-09 03:21:24,643 ] 45 root - INFO - Entered the save_object method of utils
[ 2023-02-09 03:21:24,645 ] 49 root - INFO - Exited the save_object method of utils
[ 2023-02-09 03:21:24,645 ] 45 root - INFO - Entered the save_object method of utils
[ 2023-02-09 03:21:24,649 ] 49 root - INFO - Exited the save_object method of utils
[ 2023-02-09 03:21:24,650 ] 45 root - INFO - Entered the save_object method of utils
[ 2023-02-09 03:21:24,650 ] 49 root - INFO - Exited the save_object method of utils
[ 2023-02-09 03:21:24,650 ] 49 root - INFO - Model pusher artifact: ModelPusherArtifact(pusher_model_dir='/config/workspace/artifact/02092023__032123/model_pusher/saved_models', saved_model_dir='saved_models')
