[ 2023-02-09 03:12:03,931 ] 15 root - INFO - >>>>>>>>>>>>>>>>>>>>>>>>>>>>>>>>>>>>>>>> Data Ingestion <<<<<<<<<<<<<<<<<<<<<<<<<<<<<<<<<<<<<<<<
[ 2023-02-09 03:12:03,931 ] 22 root - INFO - Exporting collection data as pandas dataframe
[ 2023-02-09 03:12:03,931 ] 21 root - INFO - Reading data from database: insurance_premium_prediction and collection: insurance
[ 2023-02-09 03:12:03,993 ] 23 root - INFO - Found columns: Index(['_id', 'age', 'sex', 'bmi', 'children', 'smoker', 'region', 'expenses'], dtype='object')
[ 2023-02-09 03:12:03,993 ] 25 root - INFO - Dropping column: _id 
[ 2023-02-09 03:12:03,994 ] 27 root - INFO - Row and columns in df: (1338, 7)
[ 2023-02-09 03:12:03,994 ] 28 root - INFO - Save data in feature store
[ 2023-02-09 03:12:03,995 ] 34 root - INFO - Create feature store folder if not available
[ 2023-02-09 03:12:03,995 ] 38 root - INFO - Save df to feature store folder
[ 2023-02-09 03:12:04,002 ] 43 root - INFO - split dataset into train and test set
[ 2023-02-09 03:12:04,004 ] 47 root - INFO - create dataset directory folder if not available
[ 2023-02-09 03:12:04,004 ] 52 root - INFO - Save df to feature store folder
[ 2023-02-09 03:12:04,011 ] 64 root - INFO - Data ingestion artifact: DataIngestionArtifact(feature_store_file_path='/config/workspace/artifact/02092023__031203/data_ingestion/feature_store/insurance_prediction.csv', train_file_path='/config/workspace/artifact/02092023__031203/data_ingestion/dataset/train.csv', test_file_path='/config/workspace/artifact/02092023__031203/data_ingestion/dataset/test.csv')
[ 2023-02-09 03:12:04,011 ] 22 root - INFO - Exporting collection data as pandas dataframe
[ 2023-02-09 03:12:04,011 ] 21 root - INFO - Reading data from database: insurance_premium_prediction and collection: insurance
[ 2023-02-09 03:12:04,080 ] 23 root - INFO - Found columns: Index(['_id', 'age', 'sex', 'bmi', 'children', 'smoker', 'region', 'expenses'], dtype='object')
[ 2023-02-09 03:12:04,080 ] 25 root - INFO - Dropping column: _id 
[ 2023-02-09 03:12:04,081 ] 27 root - INFO - Row and columns in df: (1338, 7)
[ 2023-02-09 03:12:04,081 ] 28 root - INFO - Save data in feature store
[ 2023-02-09 03:12:04,081 ] 34 root - INFO - Create feature store folder if not available
[ 2023-02-09 03:12:04,081 ] 38 root - INFO - Save df to feature store folder
[ 2023-02-09 03:12:04,088 ] 43 root - INFO - split dataset into train and test set
[ 2023-02-09 03:12:04,089 ] 47 root - INFO - create dataset directory folder if not available
[ 2023-02-09 03:12:04,089 ] 52 root - INFO - Save df to feature store folder
[ 2023-02-09 03:12:04,096 ] 64 root - INFO - Data ingestion artifact: DataIngestionArtifact(feature_store_file_path='/config/workspace/artifact/02092023__031203/data_ingestion/feature_store/insurance_prediction.csv', train_file_path='/config/workspace/artifact/02092023__031203/data_ingestion/dataset/train.csv', test_file_path='/config/workspace/artifact/02092023__031203/data_ingestion/dataset/test.csv')
[ 2023-02-09 03:12:04,096 ] 20 root - INFO - >>>>>>>>>>>>>>>>>>>>>>>>>>>>>>>>>>>>>>>>Data Validation <<<<<<<<<<<<<<<<<<<<<<<<<<<<<<<<<<<<<<<<
[ 2023-02-09 03:12:04,096 ] 107 root - INFO - Reading base dataframe
[ 2023-02-09 03:12:04,099 ] 109 root - INFO - Replace na value with NaN
[ 2023-02-09 03:12:04,101 ] 112 root - INFO - Drop null values column from base df
[ 2023-02-09 03:12:04,102 ] 42 root - INFO - selecting column name which contains null above to 0.2
[ 2023-02-09 03:12:04,103 ] 45 root - INFO - Columns to drop: []
[ 2023-02-09 03:12:04,103 ] 115 root - INFO - Reading train dataframe
[ 2023-02-09 03:12:04,106 ] 117 root - INFO - Reading test dataframe
[ 2023-02-09 03:12:04,108 ] 120 root - INFO - Drop null values columns from train df
[ 2023-02-09 03:12:04,110 ] 42 root - INFO - selecting column name which contains null above to 0.2
[ 2023-02-09 03:12:04,110 ] 45 root - INFO - Columns to drop: []
[ 2023-02-09 03:12:04,111 ] 122 root - INFO - Drop null values columns from test df
[ 2023-02-09 03:12:04,112 ] 42 root - INFO - selecting column name which contains null above to 0.2
[ 2023-02-09 03:12:04,112 ] 45 root - INFO - Columns to drop: []
[ 2023-02-09 03:12:04,113 ] 127 root - INFO - Is all required columns present in train df
[ 2023-02-09 03:12:04,113 ] 129 root - INFO - Is all required columns present in test df
[ 2023-02-09 03:12:04,113 ] 133 root - INFO - As all column are available in train df hence detecting data drift
[ 2023-02-09 03:12:04,113 ] 85 root - INFO - Hypothesis age: int64, int64 
[ 2023-02-09 03:12:04,114 ] 85 root - INFO - Hypothesis sex: object, object 
[ 2023-02-09 03:12:04,117 ] 85 root - INFO - Hypothesis bmi: float64, float64 
[ 2023-02-09 03:12:04,118 ] 85 root - INFO - Hypothesis children: int64, int64 
[ 2023-02-09 03:12:04,118 ] 85 root - INFO - Hypothesis smoker: object, object 
[ 2023-02-09 03:12:04,121 ] 85 root - INFO - Hypothesis region: object, object 
[ 2023-02-09 03:12:04,125 ] 85 root - INFO - Hypothesis expenses: float64, float64 
[ 2023-02-09 03:12:04,126 ] 137 root - INFO - As all column are available in test df hence detecting data drift
[ 2023-02-09 03:12:04,126 ] 85 root - INFO - Hypothesis age: int64, int64 
[ 2023-02-09 03:12:04,127 ] 85 root - INFO - Hypothesis sex: object, object 
[ 2023-02-09 03:12:04,129 ] 85 root - INFO - Hypothesis bmi: float64, float64 
[ 2023-02-09 03:12:04,130 ] 85 root - INFO - Hypothesis children: int64, int64 
[ 2023-02-09 03:12:04,130 ] 85 root - INFO - Hypothesis smoker: object, object 
[ 2023-02-09 03:12:04,132 ] 85 root - INFO - Hypothesis region: object, object 
[ 2023-02-09 03:12:04,134 ] 85 root - INFO - Hypothesis expenses: float64, float64 
[ 2023-02-09 03:12:04,135 ] 141 root - INFO - Write reprt in yaml file
[ 2023-02-09 03:12:04,138 ] 145 root - INFO - Data validation artifact: DataValidationArtifact(report_file_path='/config/workspace/artifact/02092023__031203/data_validation/report.yaml')
[ 2023-02-09 03:12:04,157 ] 45 root - INFO - Entered the save_object method of utils
[ 2023-02-09 03:12:04,159 ] 49 root - INFO - Exited the save_object method of utils
[ 2023-02-09 03:12:04,159 ] 45 root - INFO - Entered the save_object method of utils
[ 2023-02-09 03:12:04,159 ] 49 root - INFO - Exited the save_object method of utils
[ 2023-02-09 03:12:04,159 ] 108 root - INFO - Data transformation object DataTransformationArtifact(transform_object_path='/config/workspace/artifact/02092023__031203/data_transformation/transformer/transformer.pkl', transformed_train_path='/config/workspace/artifact/02092023__031203/data_transformation/transformed/train.npz', transformed_test_path='/config/workspace/artifact/02092023__031203/data_transformation/transformed/test.npz', target_encoder_path='/config/workspace/artifact/02092023__031203/data_transformation/target_encoder/target_encoder.pkl')
[ 2023-02-09 03:12:04,159 ] 16 root - INFO - >>>>>>>>>>>>>>>>>>>>>>>>>>>>>>>>>>>>>>>> Model Trainer <<<<<<<<<<<<<<<<<<<<<<<<<<<<<<<<<<<<<<<<
[ 2023-02-09 03:12:04,160 ] 35 root - INFO - Loading train and test array.
[ 2023-02-09 03:12:04,164 ] 39 root - INFO - Splitting input and target feature from both train and test arr.
[ 2023-02-09 03:12:04,164 ] 43 root - INFO - Train the model
[ 2023-02-09 03:12:05,219 ] 46 root - INFO - Calculating r2 train score
[ 2023-02-09 03:12:05,224 ] 50 root - INFO - Calculating r2 test score
[ 2023-02-09 03:12:05,228 ] 54 root - INFO - train score:0.9934879626733629 and tests score 0.8421364937953891
[ 2023-02-09 03:12:05,228 ] 56 root - INFO - Checking if our model is underfitting or not
[ 2023-02-09 03:12:05,228 ] 61 root - INFO - Checking if our model is overfiiting or not
[ 2023-02-09 03:12:05,228 ] 68 root - INFO - Saving model object
[ 2023-02-09 03:12:05,228 ] 45 root - INFO - Entered the save_object method of utils
[ 2023-02-09 03:12:05,233 ] 49 root - INFO - Exited the save_object method of utils
[ 2023-02-09 03:12:05,233 ] 72 root - INFO - Prepare the artifact
[ 2023-02-09 03:12:05,233 ] 75 root - INFO - Model trainer artifact: ModelTrainerArtifact(model_path='/config/workspace/artifact/02092023__031203/model_trainer/model/model.pkl', r2_train_score=0.9934879626733629, r2_test_score=0.8421364937953891)
[ 2023-02-09 03:12:05,233 ] 21 root - INFO - >>>>>>>>>>>>>>>>>>>>>>>>>>>>>>>>>>>>>>>>  Model Evaluation <<<<<<<<<<<<<<<<<<<<<<<<<<<<<<<<<<<<<<<<
[ 2023-02-09 03:12:05,234 ] 37 root - INFO - if saved model folder has model the we will compare which model is best trained or the model from saved model folder
[ 2023-02-09 03:12:05,234 ] 43 root - INFO - Model evaluation artifact: ModelEvaluationArtifact(is_model_accepted=True, improved_accuracy=None)
